# JRE version: OpenJDK Runtime Environment (8.0_151-b12) (build 1.8.0_151-8u151-b12-0ubuntu0.17.04.2-b12)
# Java VM: OpenJDK 64-Bit Server VM (25.151-b12 mixed mode linux-amd64 compressed oops)
Heap:
 garbage-first heap   total 425984K, used 100032K [0x00000000c0000000, 0x00000000c0100d00, 0x0000000100000000)
  region size 1024K, 18 young (18432K), 18 survivors (18432K)
 Metaspace       used 43251K, capacity 45684K, committed 45824K, reserved 1089536K
  class space    used 4592K, capacity 5342K, committed 5376K, reserved 1048576K
GC Heap History (10 events):
Event: 11.231 GC heap after
Heap after GC invocations=44 (full 0):
 garbage-first heap   total 135168K, used 80524K [0x00000000c0000000, 0x00000000c0100420, 0x0000000100000000)
  region size 1024K, 5 young (5120K), 5 survivors (5120K)
 Metaspace       used 42796K, capacity 45204K, committed 45312K, reserved 1089536K
  class space    used 4550K, capacity 5332K, committed 5376K, reserved 1048576K
}
Event: 11.241 GC heap before
{Heap before GC invocations=44 (full 0):
 garbage-first heap   total 135168K, used 81548K [0x00000000c0000000, 0x00000000c0100420, 0x0000000100000000)
  region size 1024K, 6 young (6144K), 5 survivors (5120K)
 Metaspace       used 42845K, capacity 45268K, committed 45568K, reserved 1089536K
  class space    used 4550K, capacity 5332K, committed 5376K, reserved 1048576K
Event: 11.262 GC heap after
Heap after GC invocations=45 (full 0):
 garbage-first heap   total 135168K, used 72736K [0x00000000c0000000, 0x00000000c0100420, 0x0000000100000000)
  region size 1024K, 1 young (1024K), 1 survivors (1024K)
 Metaspace       used 42845K, capacity 45268K, committed 45568K, reserved 1089536K
  class space    used 4550K, capacity 5332K, committed 5376K, reserved 1048576K
}
Event: 11.449 GC heap before
{Heap before GC invocations=45 (full 0):
 garbage-first heap   total 135168K, used 114720K [0x00000000c0000000, 0x00000000c0100420, 0x0000000100000000)
  region size 1024K, 42 young (43008K), 1 survivors (1024K)
 Metaspace       used 43240K, capacity 45620K, committed 45824K, reserved 1089536K
  class space    used 4591K, capacity 5342K, committed 5376K, reserved 1048576K
Event: 11.474 GC heap after
Heap after GC invocations=46 (full 0):
 garbage-first heap   total 135168K, used 75296K [0x00000000c0000000, 0x00000000c0100420, 0x0000000100000000)
  region size 1024K, 4 young (4096K), 4 survivors (4096K)
 Metaspace       used 43240K, capacity 45620K, committed 45824K, reserved 1089536K
  class space    used 4591K, capacity 5342K, committed 5376K, reserved 1048576K
}
Event: 11.598 GC heap before
{Heap before GC invocations=46 (full 0):
 garbage-first heap   total 135168K, used 114208K [0x00000000c0000000, 0x00000000c0100420, 0x0000000100000000)
  region size 1024K, 42 young (43008K), 4 survivors (4096K)
 Metaspace       used 43240K, capacity 45620K, committed 45824K, reserved 1089536K
  class space    used 4591K, capacity 5342K, committed 5376K, reserved 1048576K
Event: 11.620 GC heap after
Heap after GC invocations=47 (full 0):
 garbage-first heap   total 135168K, used 79904K [0x00000000c0000000, 0x00000000c0100420, 0x0000000100000000)
  region size 1024K, 6 young (6144K), 6 survivors (6144K)
 Metaspace       used 43240K, capacity 45620K, committed 45824K, reserved 1089536K
  class space    used 4591K, capacity 5342K, committed 5376K, reserved 1048576K
}
Event: 11.820 GC heap before
{Heap before GC invocations=47 (full 0):
 garbage-first heap   total 135168K, used 113696K [0x00000000c0000000, 0x00000000c0100420, 0x0000000100000000)
  region size 1024K, 39 young (39936K), 6 survivors (6144K)
 Metaspace       used 43240K, capacity 45620K, committed 45824K, reserved 1089536K
  class space    used 4591K, capacity 5342K, committed 5376K, reserved 1048576K
Event: 11.853 GC heap after
Heap after GC invocations=48 (full 0):
 garbage-first heap   total 270336K, used 86352K [0x00000000c0000000, 0x00000000c0100840, 0x0000000100000000)
  region size 1024K, 5 young (5120K), 5 survivors (5120K)
 Metaspace       used 43240K, capacity 45620K, committed 45824K, reserved 1089536K
  class space    used 4591K, capacity 5342K, committed 5376K, reserved 1048576K
}
Event: 12.785 GC heap before
{Heap before GC invocations=49 (full 0):
 garbage-first heap   total 270336K, used 220656K [0x00000000c0000000, 0x00000000c0100840, 0x0000000100000000)
  region size 1024K, 137 young (140288K), 5 survivors (5120K)
 Metaspace       used 43251K, capacity 45684K, committed 45824K, reserved 1089536K
  class space    used 4592K, capacity 5342K, committed 5376K, reserved 1048576K

